<?xml version="1.0" encoding="UTF-8"?>
<testsuite xmlns:xsi="http://www.w3.org/2001/XMLSchema-instance" xsi:noNamespaceSchemaLocation="https://maven.apache.org/surefire/maven-surefire-plugin/xsd/surefire-test-report.xsd" name="DemoBankingApp.LoginTests" time="92.322" tests="82" errors="0" skipped="0" failures="0">
  <properties>
[...]
</properties>
  <testcase name="LoginTest[1]" classname="DemoBankingApp.LoginTests" time="1.099"/>
  <testcase name="LoginTest[2]" classname="DemoBankingApp.LoginTests" time="1.126"/>
  <testcase name="LoginTest[3]" classname="DemoBankingApp.LoginTests" time="1.125"/>
  <testcase name="LoginTest[4]" classname="DemoBankingApp.LoginTests" time="1.125"/>
  <testcase name="LoginTest[5]" classname="DemoBankingApp.LoginTests" time="1.127"/>
  <testcase name="LoginTest[6]" classname="DemoBankingApp.LoginTests" time="1.126"/>
  <testcase name="LoginTest[7]" classname="DemoBankingApp.LoginTests" time="1.126"/>
  <testcase name="LoginTest[8]" classname="DemoBankingApp.LoginTests" time="1.126"/>
  <testcase name="LoginTest[9]" classname="DemoBankingApp.LoginTests" time="1.127"/>
  <testcase name="LoginTest[10]" classname="DemoBankingApp.LoginTests" time="1.126"/>
  <testcase name="LoginTest[11]" classname="DemoBankingApp.LoginTests" time="1.124"/>
  <testcase name="LoginTest[12]" classname="DemoBankingApp.LoginTests" time="1.125"/>
  <testcase name="LoginTest[13]" classname="DemoBankingApp.LoginTests" time="1.126"/>
  <testcase name="LoginTest[14]" classname="DemoBankingApp.LoginTests" time="1.126"/>
  <testcase name="LoginTest[15]" classname="DemoBankingApp.LoginTests" time="1.125"/>
  <testcase name="LoginTest[16]" classname="DemoBankingApp.LoginTests" time="1.127"/>
  <testcase name="LoginTest[17]" classname="DemoBankingApp.LoginTests" time="1.125"/>
  <testcase name="LoginTest[18]" classname="DemoBankingApp.LoginTests" time="1.126"/>
  <testcase name="LoginTest[19]" classname="DemoBankingApp.LoginTests" time="1.125"/>
  <testcase name="LoginTest[20]" classname="DemoBankingApp.LoginTests" time="1.125"/>
  <testcase name="LoginTest[21]" classname="DemoBankingApp.LoginTests" time="1.126"/>
  <testcase name="LoginTest[22]" classname="DemoBankingApp.LoginTests" time="1.125"/>
  <testcase name="LoginTest[23]" classname="DemoBankingApp.LoginTests" time="1.125"/>
  <testcase name="LoginTest[24]" classname="DemoBankingApp.LoginTests" time="1.126"/>
  <testcase name="LoginTest[25]" classname="DemoBankingApp.LoginTests" time="1.126"/>
  <testcase name="LoginTest[26]" classname="DemoBankingApp.LoginTests" time="1.126"/>
  <testcase name="LoginTest[27]" classname="DemoBankingApp.LoginTests" time="1.125"/>
  <testcase name="LoginTest[28]" classname="DemoBankingApp.LoginTests" time="1.124"/>
  <testcase name="LoginTest[29]" classname="DemoBankingApp.LoginTests" time="1.126"/>
  <testcase name="LoginTest[30]" classname="DemoBankingApp.LoginTests" time="1.126"/>
  <testcase name="LoginTest[31]" classname="DemoBankingApp.LoginTests" time="1.126"/>
  <testcase name="LoginTest[32]" classname="DemoBankingApp.LoginTests" time="1.125"/>
  <testcase name="LoginTest[33]" classname="DemoBankingApp.LoginTests" time="1.126"/>
  <testcase name="LoginTest[34]" classname="DemoBankingApp.LoginTests" time="1.126"/>
  <testcase name="LoginTest[35]" classname="DemoBankingApp.LoginTests" time="1.126"/>
  <testcase name="LoginTest[36]" classname="DemoBankingApp.LoginTests" time="1.126"/>
  <testcase name="LoginTest[37]" classname="DemoBankingApp.LoginTests" time="1.126"/>
  <testcase name="LoginTest[38]" classname="DemoBankingApp.LoginTests" time="1.126"/>
  <testcase name="LoginTest[39]" classname="DemoBankingApp.LoginTests" time="1.126"/>
  <testcase name="LoginTest[40]" classname="DemoBankingApp.LoginTests" time="1.125"/>
  <testcase name="LoginTest[41]" classname="DemoBankingApp.LoginTests" time="1.126"/>
  <testcase name="LoginTest[42]" classname="DemoBankingApp.LoginTests" time="1.127"/>
  <testcase name="LoginTest[43]" classname="DemoBankingApp.LoginTests" time="1.125"/>
  <testcase name="LoginTest[44]" classname="DemoBankingApp.LoginTests" time="1.126"/>
  <testcase name="LoginTest[45]" classname="DemoBankingApp.LoginTests" time="1.126"/>
  <testcase name="LoginTest[46]" classname="DemoBankingApp.LoginTests" time="1.126"/>
  <testcase name="LoginTest[47]" classname="DemoBankingApp.LoginTests" time="1.125"/>
  <testcase name="LoginTest[48]" classname="DemoBankingApp.LoginTests" time="1.125"/>
  <testcase name="LoginTest[49]" classname="DemoBankingApp.LoginTests" time="1.127"/>
  <testcase name="LoginTest[50]" classname="DemoBankingApp.LoginTests" time="1.126"/>
  <testcase name="LoginTest[51]" classname="DemoBankingApp.LoginTests" time="1.125"/>
  <testcase name="LoginTest[52]" classname="DemoBankingApp.LoginTests" time="1.126"/>
  <testcase name="LoginTest[53]" classname="DemoBankingApp.LoginTests" time="1.126"/>
  <testcase name="LoginTest[54]" classname="DemoBankingApp.LoginTests" time="1.126"/>
  <testcase name="LoginTest[55]" classname="DemoBankingApp.LoginTests" time="1.126"/>
  <testcase name="LoginTest[56]" classname="DemoBankingApp.LoginTests" time="1.125"/>
  <testcase name="LoginTest[57]" classname="DemoBankingApp.LoginTests" time="1.125"/>
  <testcase name="LoginTest[58]" classname="DemoBankingApp.LoginTests" time="1.125"/>
  <testcase name="LoginTest[59]" classname="DemoBankingApp.LoginTests" time="1.126"/>
  <testcase name="LoginTest[60]" classname="DemoBankingApp.LoginTests" time="1.126"/>
  <testcase name="LoginTest[61]" classname="DemoBankingApp.LoginTests" time="1.126"/>
  <testcase name="LoginTest[62]" classname="DemoBankingApp.LoginTests" time="1.125"/>
  <testcase name="LoginTest[63]" classname="DemoBankingApp.LoginTests" time="1.127"/>
  <testcase name="LoginTest[64]" classname="DemoBankingApp.LoginTests" time="1.125"/>
  <testcase name="LoginTest[65]" classname="DemoBankingApp.LoginTests" time="1.127"/>
  <testcase name="LoginTest[66]" classname="DemoBankingApp.LoginTests" time="1.125"/>
  <testcase name="LoginTest[67]" classname="DemoBankingApp.LoginTests" time="1.125"/>
  <testcase name="LoginTest[68]" classname="DemoBankingApp.LoginTests" time="1.125"/>
  <testcase name="LoginTest[69]" classname="DemoBankingApp.LoginTests" time="1.125"/>
  <testcase name="LoginTest[70]" classname="DemoBankingApp.LoginTests" time="1.124"/>
  <testcase name="LoginTest[71]" classname="DemoBankingApp.LoginTests" time="1.126"/>
  <testcase name="LoginTest[72]" classname="DemoBankingApp.LoginTests" time="1.124"/>
  <testcase name="LoginTest[73]" classname="DemoBankingApp.LoginTests" time="1.126"/>
  <testcase name="LoginTest[74]" classname="DemoBankingApp.LoginTests" time="1.125"/>
  <testcase name="LoginTest[75]" classname="DemoBankingApp.LoginTests" time="1.126"/>
  <testcase name="LoginTest[76]" classname="DemoBankingApp.LoginTests" time="1.126"/>
  <testcase name="LoginTest[77]" classname="DemoBankingApp.LoginTests" time="1.125"/>
  <testcase name="LoginTest[78]" classname="DemoBankingApp.LoginTests" time="1.126"/>
  <testcase name="LoginTest[79]" classname="DemoBankingApp.LoginTests" time="1.126"/>
  <testcase name="LoginTest[80]" classname="DemoBankingApp.LoginTests" time="1.125"/>
  <testcase name="LoginTest[81]" classname="DemoBankingApp.LoginTests" time="1.125"/>
  <testcase name="LoginTest[82]" classname="DemoBankingApp.LoginTests" time="1.126"/>
</testsuite>